<?xml version="1.0" encoding="UTF-8"?>
<!-- Generated by org.testng.reporters.JUnitReportReporter -->
<testsuite hostname="ShwetaHome" failures="0" tests="1" name="defaultPackage.RunnerCalculator" time="2.901" errors="0" timestamp="2022-10-11T18:00:31 PDT" skipped="0">
  <testcase classname="defaultPackage.RunnerCalculator" name="runScenario" time="2.901"/>
  <system-out/>
</testsuite> <!-- defaultPackage.RunnerCalculator -->
